Arguments: 
  C:\Program Files\nodejs\node.exe C:\Program Files (x86)\Yarn\bin\yarn.js

PATH: 
  C:\Program Files (x86)\Common Files\Oracle\Java\javapath;C:\Windows\system32;C:\Windows;C:\Windows\System32\Wbem;C:\Windows\System32\WindowsPowerShell\v1.0\;C:\Program Files (x86)\NVIDIA Corporation\PhysX\Common;C:\Program Files\Intel\WiFi\bin\;C:\Program Files\Common Files\Intel\WirelessCommon\;C:\Program Files\Microsoft SQL Server\Client SDK\ODBC\130\Tools\Binn\;C:\Program Files\Microsoft SQL Server\130\Tools\Binn\;C:\Program Files (x86)\Microsoft SQL Server\Client SDK\ODBC\130\Tools\Binn\;C:\Program Files (x86)\Microsoft SQL Server\140\Tools\Binn\;C:\Program Files (x86)\Microsoft SQL Server\140\DTS\Binn\;C:\Program Files (x86)\Microsoft SQL Server\140\Tools\Binn\ManagementStudio\;C:\WINDOWS\system32;C:\WINDOWS;C:\WINDOWS\System32\Wbem;C:\WINDOWS\System32\WindowsPowerShell\v1.0\;C:\WINDOWS\System32\OpenSSH\;C:\Program Files\PostgreSQL\10\bin;C:\Program Files\dotnet\;C:\Program Files (x86)\Intel\Intel(R) Management Engine Components\DAL;C:\Program Files\Intel\Intel(R) Management Engine Components\DAL;C:\Program Files\Microsoft SQL Server\Client SDK\ODBC\170\Tools\Binn\;C:\Users\Ольга\AppData\Local\Programs\Python\Python38\;C:\Program Files (x86)\Microsoft SQL Server\130\Tools\Binn\;C:\Program Files\Microsoft SQL Server\130\DTS\Binn\;C:\Program Files (x86)\Microsoft SQL Server\150\Tools\Binn\;C:\Program Files\Microsoft SQL Server\150\Tools\Binn\;C:\Program Files\Microsoft SQL Server\150\DTS\Binn\;C:\Program Files (x86)\Yarn\bin\;C:\Program Files\Docker\Docker\resources\bin;C:\ProgramData\DockerDesktop\version-bin;C:\ProgramData\chocolatey\bin;C:\Users\Ольга\AppData\Roaming\nvm;C:\Program Files\nodejs;C:\Program Files (x86)\Common Files\Acronis\VirtualFile\;C:\Program Files (x86)\Common Files\Acronis\VirtualFile64\;C:\Program Files (x86)\Common Files\Acronis\FileProtector\;C:\Program Files (x86)\Common Files\Acronis\FileProtector64\;C:\Program Files (x86)\Common Files\Acronis\SnapAPI\;C:\Users\???\scoop\shims;C:\Users\???\AppData\Local\Microsoft\WindowsApps;C:\Users\???\AppData\Roaming\npm;C:\Users\???\AppData\Local\GitHubDesktop\bin;C:\Users\???\AppData\Local\Yarn\bin;C:\Users\???\.dotnet\tools;C:\Users\???\AppData\Local\hyper\app-3.0.2\resources\bin;C:\Users\Ольга\AppData\Local\hyper\app-3.0.2\resources\bin;C:\Users\Ольга\AppData\Local\GitHubDesktop\bin;C:\Users\Ольга\AppData\Local\Programs\Microsoft VS Code\bin;C:\Users\Ольга\.dotnet\tools;C:\Users\Public\webdriver;C:\Users\Ольга\AppData\Local\Yarn\bin;C:\Program Files\JetBrains\WebStorm 2020.1\bin;;C:\Users\Ольга\AppData\Local\Microsoft\WindowsApps;C:\Users\Ольга\AppData\Roaming\npm;C:\Users\Ольга\AppData\Roaming\nvm;C:\Program Files\nodejs

Yarn version: 
  1.21.1

Node version: 
  12.18.0

Platform: 
  win32 x64

Trace: 
  Error: EPERM: operation not permitted, unlink 'D:\other-sources\devs\monorepo\packages\alpha-project\node_modules\node-sass\vendor\win32-x64-72\binding.node'

npm manifest: 
  {
    "name": "workspace-example",
    "version": "1.0.0",
    "license": "UNLICENSED",
    "private": "true",
    "workspaces": [
      "packages/*"
    ],
    "devDependencies": {
      "lerna": "^3.22.1"
    }
  }

yarn manifest: 
  No manifest

Lockfile: 
  No lockfile
